Archiwalne/szkody-test/app/build/intermediates/manifest_merge_blame_file/debug/manifest-merger-blame-debug-report.txt
1<?xml version="1.0" encoding="utf-8"?>
2<manifest xmlns:android="http://schemas.android.com/apk/res/android"
3    package="com.example.szkody-test_kopia"
4    android:versionCode="1"
5    android:versionName="1.0" >
6
7    <uses-sdk
8        android:minSdkVersion="16"
8-->src\main\AndroidManifest.xml
9        android:targetSdkVersion="30" />
9-->src\main\AndroidManifest.xml
10
11    <uses-permission android:name="android.permission.CAMERA" />
11-->src\main\AndroidManifest.xml:5:5-64
11-->src\main\AndroidManifest.xml:5:22-62
12
13    <application
13-->src\main\AndroidManifest.xml:6:5-25:19
14        android:allowBackup="true"
14-->src\main\AndroidManifest.xml:7:9-35
15        android:appComponentFactory="androidx.core.app.CoreComponentFactory"
15-->[androidx.core:core:1.3.1] AndroidManifest.xml:24:18-86
16        android:debuggable="true"
17        android:icon="@mipmap/ic_launcher"
17-->src\main\AndroidManifest.xml:8:9-43
18        android:label="@string/app_name"
18-->src\main\AndroidManifest.xml:9:9-41
19        android:roundIcon="@mipmap/ic_launcher_round"
19-->src\main\AndroidManifest.xml:10:9-54
20        android:supportsRtl="true"
20-->src\main\AndroidManifest.xml:11:9-35
21        android:testOnly="true"
22        android:theme="@style/Theme.Szkody" >
22-->src\main\AndroidManifest.xml:12:9-44
23        <activity android:name="com.example.szkody.MainActivity" >
23-->src\main\AndroidManifest.xml:13:9-19:20
23-->src\main\AndroidManifest.xml:13:19-47
24            <intent-filter>
24-->src\main\AndroidManifest.xml:14:13-18:29
25                <action android:name="android.intent.action.MAIN" />
25-->src\main\AndroidManifest.xml:15:17-69
25-->src\main\AndroidManifest.xml:15:25-66
26
27                <category android:name="android.intent.category.LAUNCHER" />
27-->src\main\AndroidManifest.xml:17:17-77
27-->src\main\AndroidManifest.xml:17:27-74
28            </intent-filter>
29        </activity>
30        <activity
30-->src\main\AndroidManifest.xml:20:9-21:63
31            android:name="com.example.szkody.SzkodyZdjecie"
31-->src\main\AndroidManifest.xml:20:19-48
32            android:parentActivityName="com.example.szkody.SzkodyPodkategoria" />
32-->src\main\AndroidManifest.xml:21:13-61
33        <activity
33-->src\main\AndroidManifest.xml:22:9-23:60
34            android:name="com.example.szkody.SzkodyPodkategoria"
34-->src\main\AndroidManifest.xml:22:19-53
35            android:parentActivityName="com.example.szkody.SzkodyKategoria" />
35-->src\main\AndroidManifest.xml:23:13-58
36        <activity android:name="com.example.szkody.SzkodyKategoria" />
36-->src\main\AndroidManifest.xml:24:9-53
36-->src\main\AndroidManifest.xml:24:19-50
37    </application>
38
39</manifest>